<?xml version="1.0" encoding="UTF-8"?>
<!-- Generated by org.testng.reporters.JUnitXMLReporter -->
<testsuite hostname="Shwetas-MacBook-Pro.local" ignored="0" name="Traditional Test Task 2" tests="2" failures="0" timestamp="2020-06-02T16:58:44 IST" time="16.487" errors="0">
  <testcase name="verifyFilter" time="0.813" classname="hackathonapplitools.grid.tests.ShoppingExperienceTest"/>
  <testcase name="verifyResetFilter" time="0.756" classname="hackathonapplitools.grid.tests.ShoppingExperienceTest"/>
</testsuite> <!-- Traditional Test Task 2 -->
