<?xml version="1.0" encoding="UTF-8"?>
<!-- Generated by org.testng.reporters.JUnitXMLReporter -->
<testsuite hostname="Shwetas-MacBook-Pro.local" ignored="0" name="Traditional Test Task 1" tests="9" failures="0" timestamp="2020-06-02T14:56:49 IST" time="60.301" errors="0">
  <testcase name="elementVisibilityOnLaptop" time="0.332" classname="hackathonapplitools.grid.tests.CrossDeviceElementsTest"/>
  <testcase name="elementVisibilityOnLaptop" time="0.265" classname="hackathonapplitools.grid.tests.CrossDeviceElementsTest"/>
  <testcase name="elementVisibilityOnLaptop" time="0.247" classname="hackathonapplitools.grid.tests.CrossDeviceElementsTest"/>
  <testcase name="elementVisibilityOnTablet" time="0.342" classname="hackathonapplitools.grid.tests.CrossDeviceElementsTest"/>
  <testcase name="elementVisibilityOnTablet" time="0.284" classname="hackathonapplitools.grid.tests.CrossDeviceElementsTest"/>
  <testcase name="elementVisibilityOnTablet" time="0.188" classname="hackathonapplitools.grid.tests.CrossDeviceElementsTest"/>
  <testcase name="elementVisibilityOnPhone" time="0.357" classname="hackathonapplitools.grid.tests.CrossDeviceElementsTest"/>
  <testcase name="elementVisibilityOnPhone" time="0.331" classname="hackathonapplitools.grid.tests.CrossDeviceElementsTest"/>
  <testcase name="elementVisibilityOnPhone" time="0.237" classname="hackathonapplitools.grid.tests.CrossDeviceElementsTest"/>
</testsuite> <!-- Traditional Test Task 1 -->
