<?xml version="1.0" encoding="UTF-8"?>
<!-- Generated by org.testng.reporters.JUnitXMLReporter -->
<testsuite hostname="Shwetas-MacBook-Pro.local" ignored="0" name="Traditional Test Task 1 - Safari" tests="7" failures="0" timestamp="2020-06-02T14:40:23 IST" time="4.603" errors="0">
  <testcase name="elementVisibilityOnLaptop" time="0.317" classname="hackathonapplitools.grid.tests.CrossDeviceElementsTest"/>
  <testcase name="elementVisibilityOnTablet" time="0.32" classname="hackathonapplitools.grid.tests.CrossDeviceElementsTest"/>
  <testcase name="elementVisibilityOnPhone" time="0.325" classname="hackathonapplitools.grid.tests.CrossDeviceElementsTest"/>
  <testcase name="elementVisibilityOnPhone" time="0.0" classname="hackathonapplitools.grid.tests.CrossDeviceElementsTest">
    <skipped/>
  </testcase> <!-- elementVisibilityOnPhone -->
  <testcase name="elementVisibilityOnTablet" time="0.0" classname="hackathonapplitools.grid.tests.CrossDeviceElementsTest">
    <skipped/>
  </testcase> <!-- elementVisibilityOnTablet -->
  <testcase name="elementVisibilityOnPhone" time="0.0" classname="hackathonapplitools.grid.tests.CrossDeviceElementsTest">
    <skipped/>
  </testcase> <!-- elementVisibilityOnPhone -->
  <testcase name="elementVisibilityOnTablet" time="0.0" classname="hackathonapplitools.grid.tests.CrossDeviceElementsTest">
    <skipped/>
  </testcase> <!-- elementVisibilityOnTablet -->
</testsuite> <!-- Traditional Test Task 1 - Safari -->
