<?xml version="1.0" encoding="UTF-8"?>
<testng-results skipped="0" failed="0" ignored="0" total="1" passed="1">
  <reporter-output>
  </reporter-output>
  <suite name="Command line suite" duration-ms="6" started-at="2020-06-02T13:03:51 IST" finished-at="2020-06-02T13:03:51 IST">
    <groups>
    </groups>
    <test name="Command line test" duration-ms="6" started-at="2020-06-02T13:03:51 IST" finished-at="2020-06-02T13:03:51 IST">
      <class name="hackathonapplitools.grid.AppTest">
        <test-method status="PASS" signature="testApp()[pri:0, instance:testApp(hackathonapplitools.grid.AppTest)]" name="testApp" duration-ms="0" started-at="2020-06-02T13:03:51 IST" finished-at="2020-06-02T13:03:51 IST">
          <reporter-output>
          </reporter-output>
        </test-method> <!-- testApp -->
      </class> <!-- hackathonapplitools.grid.AppTest -->
    </test> <!-- Command line test -->
  </suite> <!-- Command line suite -->
</testng-results>
