<?xml version="1.0" encoding="UTF-8"?>
<!-- Generated by org.testng.reporters.JUnitXMLReporter -->
<testsuite hostname="Shwetas-MacBook-Pro.local" ignored="0" name="Default test" tests="3" failures="0" timestamp="2020-06-08T23:26:17 IST" time="33.512" errors="0">
  <testcase name="crossDeviceElementsTest" time="7.671" classname="hackathonapplitools.grid.tests.modern.ModernTestsV2"/>
  <testcase name="productDetailsTest" time="11.476" classname="hackathonapplitools.grid.tests.modern.ModernTestsV2"/>
  <testcase name="shoppingExperienceTest" time="10.79" classname="hackathonapplitools.grid.tests.modern.ModernTestsV2"/>
</testsuite> <!-- Default test -->
