<?xml version="1.0" encoding="UTF-8"?>
<!-- Generated by org.testng.reporters.JUnitXMLReporter -->
<testsuite hostname="Shwetas-MacBook-Pro.local" ignored="0" name="V1 Modern Test All tasks" tests="3" failures="0" timestamp="2020-06-08T23:15:59 IST" time="35.288" errors="0">
  <testcase name="crossDeviceElementsTest" time="8.158" classname="hackathonapplitools.grid.tests.modern.ModernTestsV1"/>
  <testcase name="productDetailsTest" time="11.295" classname="hackathonapplitools.grid.tests.modern.ModernTestsV1"/>
  <testcase name="shoppingExperienceTest" time="10.581" classname="hackathonapplitools.grid.tests.modern.ModernTestsV1"/>
</testsuite> <!-- V1 Modern Test All tasks -->
