<?xml version="1.0" encoding="UTF-8"?>
<!-- Generated by org.testng.reporters.JUnitXMLReporter -->
<testsuite hostname="Shwetas-MacBook-Pro.local" ignored="0" name="V1 Traditional Test Task 2" tests="12" failures="0" timestamp="2020-06-08T22:55:20 IST" time="196.989" errors="0">
  <testcase name="verifyFilter" time="6.712" classname="hackathonapplitools.grid.tests.traditionalv1.ShoppingExperienceTest"/>
  <testcase name="verifyFilter" time="7.004" classname="hackathonapplitools.grid.tests.traditionalv1.ShoppingExperienceTest"/>
  <testcase name="verifyFilter" time="13.231" classname="hackathonapplitools.grid.tests.traditionalv1.ShoppingExperienceTest"/>
  <testcase name="verifyFilter" time="14.506" classname="hackathonapplitools.grid.tests.traditionalv1.ShoppingExperienceTest"/>
  <testcase name="verifyFilter" time="13.292" classname="hackathonapplitools.grid.tests.traditionalv1.ShoppingExperienceTest"/>
  <testcase name="verifyFilter" time="14.508" classname="hackathonapplitools.grid.tests.traditionalv1.ShoppingExperienceTest"/>
  <testcase name="verifyResetFilter" time="6.192" classname="hackathonapplitools.grid.tests.traditionalv1.ShoppingExperienceTest"/>
  <testcase name="verifyResetFilter" time="6.721" classname="hackathonapplitools.grid.tests.traditionalv1.ShoppingExperienceTest"/>
  <testcase name="verifyResetFilter" time="10.332" classname="hackathonapplitools.grid.tests.traditionalv1.ShoppingExperienceTest"/>
  <testcase name="verifyResetFilter" time="11.004" classname="hackathonapplitools.grid.tests.traditionalv1.ShoppingExperienceTest"/>
  <testcase name="verifyResetFilter" time="10.353" classname="hackathonapplitools.grid.tests.traditionalv1.ShoppingExperienceTest"/>
  <testcase name="verifyResetFilter" time="11.031" classname="hackathonapplitools.grid.tests.traditionalv1.ShoppingExperienceTest"/>
</testsuite> <!-- V1 Traditional Test Task 2 -->
