<?xml version="1.0" encoding="UTF-8"?>
<!-- Generated by org.testng.reporters.JUnitXMLReporter -->
<testsuite hostname="Shwetas-MacBook-Pro.local" ignored="0" name="V1 Traditional Test Task 3" tests="6" failures="0" timestamp="2020-06-08T22:56:30 IST" time="70.554" errors="0">
  <testcase name="verifyProductDetailsPage" time="1.479" classname="hackathonapplitools.grid.tests.traditionalv1.ProductDetailsTest"/>
  <testcase name="verifyProductDetailsPage" time="2.068" classname="hackathonapplitools.grid.tests.traditionalv1.ProductDetailsTest"/>
  <testcase name="verifyProductDetailsPage" time="5.704" classname="hackathonapplitools.grid.tests.traditionalv1.ProductDetailsTest"/>
  <testcase name="verifyProductDetailsPage" time="5.742" classname="hackathonapplitools.grid.tests.traditionalv1.ProductDetailsTest"/>
  <testcase name="verifyProductDetailsPage" time="9.059" classname="hackathonapplitools.grid.tests.traditionalv1.ProductDetailsTest"/>
  <testcase name="verifyProductDetailsPage" time="9.452" classname="hackathonapplitools.grid.tests.traditionalv1.ProductDetailsTest"/>
</testsuite> <!-- V1 Traditional Test Task 3 -->
