<?xml version="1.0" encoding="UTF-8"?>
<!-- Generated by org.testng.reporters.JUnitXMLReporter -->
<testsuite hostname="Shwetas-MacBook-Pro.local" ignored="0" name="V1 Traditional Test Task 1" tests="9" failures="0" timestamp="2020-06-08T22:52:03 IST" time="52.845" errors="0">
  <testcase name="elementVisibilityOnLaptop" time="0.346" classname="hackathonapplitools.grid.tests.traditionalv1.CrossDeviceElementsTest"/>
  <testcase name="elementVisibilityOnLaptop" time="0.28" classname="hackathonapplitools.grid.tests.traditionalv1.CrossDeviceElementsTest"/>
  <testcase name="elementVisibilityOnLaptop" time="0.242" classname="hackathonapplitools.grid.tests.traditionalv1.CrossDeviceElementsTest"/>
  <testcase name="elementVisibilityOnTablet" time="0.34" classname="hackathonapplitools.grid.tests.traditionalv1.CrossDeviceElementsTest"/>
  <testcase name="elementVisibilityOnTablet" time="0.286" classname="hackathonapplitools.grid.tests.traditionalv1.CrossDeviceElementsTest"/>
  <testcase name="elementVisibilityOnTablet" time="0.185" classname="hackathonapplitools.grid.tests.traditionalv1.CrossDeviceElementsTest"/>
  <testcase name="elementVisibilityOnPhone" time="0.329" classname="hackathonapplitools.grid.tests.traditionalv1.CrossDeviceElementsTest"/>
  <testcase name="elementVisibilityOnPhone" time="0.321" classname="hackathonapplitools.grid.tests.traditionalv1.CrossDeviceElementsTest"/>
  <testcase name="elementVisibilityOnPhone" time="0.212" classname="hackathonapplitools.grid.tests.traditionalv1.CrossDeviceElementsTest"/>
</testsuite> <!-- V1 Traditional Test Task 1 -->
