<?xml version="1.0" encoding="UTF-8"?>
<!-- Generated by org.testng.reporters.JUnitXMLReporter -->
<testsuite hostname="Shwetas-MacBook-Pro.local" ignored="0" name="V2 Modern Test All tasks" tests="3" failures="0" timestamp="2020-06-08T23:34:55 IST" time="34.236" errors="0">
  <testcase name="crossDeviceElementsTest" time="7.869" classname="hackathonapplitools.grid.tests.modern.ModernTestsV2"/>
  <testcase name="productDetailsTest" time="11.291" classname="hackathonapplitools.grid.tests.modern.ModernTestsV2"/>
  <testcase name="shoppingExperienceTest" time="10.797" classname="hackathonapplitools.grid.tests.modern.ModernTestsV2"/>
</testsuite> <!-- V2 Modern Test All tasks -->
