<?xml version="1.0" encoding="UTF-8"?>
<!-- Generated by org.testng.reporters.JUnitXMLReporter -->
<testsuite hostname="Shwetas-MacBook-Pro.local" ignored="0" name="V2 Traditional Test Task 3" tests="6" failures="0" timestamp="2020-06-08T23:02:01 IST" time="68.301" errors="0">
  <testcase name="verifyProductDetailsPage" time="1.55" classname="hackathonapplitools.grid.tests.traditionalv2.ProductDetailsTest"/>
  <testcase name="verifyProductDetailsPage" time="1.919" classname="hackathonapplitools.grid.tests.traditionalv2.ProductDetailsTest"/>
  <testcase name="verifyProductDetailsPage" time="5.323" classname="hackathonapplitools.grid.tests.traditionalv2.ProductDetailsTest"/>
  <testcase name="verifyProductDetailsPage" time="5.902" classname="hackathonapplitools.grid.tests.traditionalv2.ProductDetailsTest"/>
  <testcase name="verifyProductDetailsPage" time="9.206" classname="hackathonapplitools.grid.tests.traditionalv2.ProductDetailsTest"/>
  <testcase name="verifyProductDetailsPage" time="9.39" classname="hackathonapplitools.grid.tests.traditionalv2.ProductDetailsTest"/>
</testsuite> <!-- V2 Traditional Test Task 3 -->
