<?xml version="1.0" encoding="UTF-8"?>
<!-- Generated by org.testng.reporters.JUnitXMLReporter -->
<testsuite hostname="Shwetas-MacBook-Pro.local" ignored="0" name="V2 Traditional Test Task 1" tests="9" failures="0" timestamp="2020-06-08T22:57:29 IST" time="58.133" errors="0">
  <testcase name="elementVisibilityOnLaptop" time="0.285" classname="hackathonapplitools.grid.tests.traditionalv2.CrossDeviceElementsTest"/>
  <testcase name="elementVisibilityOnLaptop" time="0.252" classname="hackathonapplitools.grid.tests.traditionalv2.CrossDeviceElementsTest"/>
  <testcase name="elementVisibilityOnLaptop" time="0.249" classname="hackathonapplitools.grid.tests.traditionalv2.CrossDeviceElementsTest"/>
  <testcase name="elementVisibilityOnTablet" time="0.391" classname="hackathonapplitools.grid.tests.traditionalv2.CrossDeviceElementsTest"/>
  <testcase name="elementVisibilityOnTablet" time="0.304" classname="hackathonapplitools.grid.tests.traditionalv2.CrossDeviceElementsTest"/>
  <testcase name="elementVisibilityOnTablet" time="0.187" classname="hackathonapplitools.grid.tests.traditionalv2.CrossDeviceElementsTest"/>
  <testcase name="elementVisibilityOnPhone" time="0.375" classname="hackathonapplitools.grid.tests.traditionalv2.CrossDeviceElementsTest"/>
  <testcase name="elementVisibilityOnPhone" time="0.366" classname="hackathonapplitools.grid.tests.traditionalv2.CrossDeviceElementsTest"/>
  <testcase name="elementVisibilityOnPhone" time="0.242" classname="hackathonapplitools.grid.tests.traditionalv2.CrossDeviceElementsTest"/>
</testsuite> <!-- V2 Traditional Test Task 1 -->
