<?xml version="1.0" encoding="UTF-8"?>
<!-- Generated by org.testng.reporters.JUnitXMLReporter -->
<testsuite hostname="Shwetas-MacBook-Pro.local" ignored="0" name="V2 Traditional Test Task 2" tests="12" failures="0" timestamp="2020-06-08T23:00:53 IST" time="203.978" errors="0">
  <testcase name="verifyFilter" time="9.963" classname="hackathonapplitools.grid.tests.traditionalv2.ShoppingExperienceTest"/>
  <testcase name="verifyFilter" time="10.255" classname="hackathonapplitools.grid.tests.traditionalv2.ShoppingExperienceTest"/>
  <testcase name="verifyFilter" time="13.286" classname="hackathonapplitools.grid.tests.traditionalv2.ShoppingExperienceTest"/>
  <testcase name="verifyFilter" time="14.37" classname="hackathonapplitools.grid.tests.traditionalv2.ShoppingExperienceTest"/>
  <testcase name="verifyFilter" time="13.259" classname="hackathonapplitools.grid.tests.traditionalv2.ShoppingExperienceTest"/>
  <testcase name="verifyFilter" time="14.408" classname="hackathonapplitools.grid.tests.traditionalv2.ShoppingExperienceTest"/>
  <testcase name="verifyResetFilter" time="6.239" classname="hackathonapplitools.grid.tests.traditionalv2.ShoppingExperienceTest"/>
  <testcase name="verifyResetFilter" time="6.764" classname="hackathonapplitools.grid.tests.traditionalv2.ShoppingExperienceTest"/>
  <testcase name="verifyResetFilter" time="10.38" classname="hackathonapplitools.grid.tests.traditionalv2.ShoppingExperienceTest"/>
  <testcase name="verifyResetFilter" time="11.025" classname="hackathonapplitools.grid.tests.traditionalv2.ShoppingExperienceTest"/>
  <testcase name="verifyResetFilter" time="10.365" classname="hackathonapplitools.grid.tests.traditionalv2.ShoppingExperienceTest"/>
  <testcase name="verifyResetFilter" time="11.035" classname="hackathonapplitools.grid.tests.traditionalv2.ShoppingExperienceTest"/>
</testsuite> <!-- V2 Traditional Test Task 2 -->
